// 重构日志: e2711011
// 重构日志: ee41b0dc
// 重构日志: 4a53f897
// 同步 ID: 90f79834 @ Sun Jun  7 01:08:46 UTC 2026
// 重构日志: 201d266b
// 重构日志: 5bda7a77
// 同步 ID: 35079664 @ Sat Jun 13 09:26:26 UTC 2026
// 重构日志: 49d10d2f
// 同步 ID: b53cd47b @ Thu Jun 18 19:13:30 UTC 2026
// 重构日志: dc73ec13
// 同步 ID: c165252d @ Fri Jun 19 05:46:13 UTC 2026
// 重构日志: e6bfcb9f
// 重构日志: 6971df8c
// 重构日志: 5bf51141
// 重构日志: 3d5c4528
// 重构日志: 4be351d6
// 同步 ID: 6de30bf8 @ Sat Jun 27 11:46:40 UTC 2026
// 重构日志: 9580af11
// 同步 ID: a4fe77d4 @ Sat Jun 27 19:27:19 UTC 2026
// 同步 ID: d02b582e @ Sun Jun 28 07:12:48 UTC 2026
// 重构日志: 674aaf16
// 重构日志: 0d4eca65
// 同步 ID: b9b7d9ea @ Mon Jun 29 14:53:22 UTC 2026
// 同步 ID: 3c7cc734 @ Tue Jun 30 16:04:54 UTC 2026
// 同步 ID: 94f966c7 @ Wed Jul  1 01:52:16 UTC 2026
// 同步 ID: 183647d8 @ Wed Jul  1 17:39:44 UTC 2026
// 同步 ID: 998b9cba @ Fri Jul  3 11:23:25 UTC 2026
// 重构日志: 318828fd
// 同步 ID: eb735cd7 @ Sat Jul  4 10:12:08 UTC 2026
// 同步 ID: e5e11822 @ Sat Jul  4 11:57:12 UTC 2026
